{"E:\\eceed\\eseed-task\\src\\API\\axios.js": {"path":"E:\\eceed\\eseed-task\\src\\API\\axios.js","statementMap":{"0":{"start":{"line":17,"column":2},"end":{"line":19,"column":42}}},"fnMap":{},"branchMap":{"0":{"loc":{"start":{"line":17,"column":2},"end":{"line":19,"column":42}},"type":"cond-expr","locations":[{"start":{"line":18,"column":6},"end":{"line":18,"column":41}},{"start":{"line":19,"column":6},"end":{"line":19,"column":42}}],"line":17}},"s":{"0":3},"f":{},"b":{"0":[3,0]},"_coverageSchema":"1a1c01bbd47fc00a2c39e90264f33305004495a9","hash":"f9c154489dc0b49eef7db28c9408682457ce35ec"}
,"E:\\eceed\\eseed-task\\src\\Components\\BarChart\\BarChart.jsx": {"path":"E:\\eceed\\eseed-task\\src\\Components\\BarChart\\BarChart.jsx","statementMap":{"0":{"start":{"line":17,"column":0},"end":{"line":17,"column":33}},"1":{"start":{"line":33,"column":17},"end":{"line":110,"column":1}},"2":{"start":{"line":35,"column":54},"end":{"line":35,"column":72}},"3":{"start":{"line":36,"column":54},"end":{"line":36,"column":72}},"4":{"start":{"line":37,"column":54},"end":{"line":37,"column":72}},"5":{"start":{"line":40,"column":26},"end":{"line":40,"column":52}},"6":{"start":{"line":43,"column":2},"end":{"line":47,"column":9}},"7":{"start":{"line":44,"column":4},"end":{"line":44,"column":49}},"8":{"start":{"line":45,"column":4},"end":{"line":45,"column":49}},"9":{"start":{"line":46,"column":4},"end":{"line":46,"column":49}},"10":{"start":{"line":50,"column":2},"end":{"line":80,"column":22}},"11":{"start":{"line":51,"column":4},"end":{"line":79,"column":5}},"12":{"start":{"line":52,"column":11},"end":{"line":79,"column":5}},"13":{"start":{"line":53,"column":6},"end":{"line":78,"column":9}},"14":{"start":{"line":83,"column":18},"end":{"line":97,"column":3}},"15":{"start":{"line":100,"column":2},"end":{"line":109,"column":4}}},"fnMap":{"0":{"name":"(anonymous_0)","decl":{"start":{"line":33,"column":17},"end":{"line":33,"column":18}},"loc":{"start":{"line":33,"column":23},"end":{"line":110,"column":1}},"line":33},"1":{"name":"(anonymous_1)","decl":{"start":{"line":43,"column":12},"end":{"line":43,"column":13}},"loc":{"start":{"line":43,"column":18},"end":{"line":47,"column":3}},"line":43},"2":{"name":"(anonymous_2)","decl":{"start":{"line":50,"column":12},"end":{"line":50,"column":13}},"loc":{"start":{"line":50,"column":18},"end":{"line":80,"column":3}},"line":50}},"branchMap":{"0":{"loc":{"start":{"line":51,"column":4},"end":{"line":79,"column":5}},"type":"if","locations":[{"start":{"line":51,"column":4},"end":{"line":79,"column":5}},{"start":{"line":52,"column":11},"end":{"line":79,"column":5}}],"line":51},"1":{"loc":{"start":{"line":51,"column":8},"end":{"line":51,"column":40}},"type":"binary-expr","locations":[{"start":{"line":51,"column":8},"end":{"line":51,"column":16}},{"start":{"line":51,"column":20},"end":{"line":51,"column":28}},{"start":{"line":51,"column":32},"end":{"line":51,"column":40}}],"line":51},"2":{"loc":{"start":{"line":52,"column":11},"end":{"line":79,"column":5}},"type":"if","locations":[{"start":{"line":52,"column":11},"end":{"line":79,"column":5}},{"start":{},"end":{}}],"line":52},"3":{"loc":{"start":{"line":52,"column":15},"end":{"line":52,"column":74}},"type":"binary-expr","locations":[{"start":{"line":52,"column":15},"end":{"line":52,"column":18}},{"start":{"line":52,"column":22},"end":{"line":52,"column":32}},{"start":{"line":52,"column":36},"end":{"line":52,"column":39}},{"start":{"line":52,"column":43},"end":{"line":52,"column":53}},{"start":{"line":52,"column":57},"end":{"line":52,"column":60}},{"start":{"line":52,"column":64},"end":{"line":52,"column":74}}],"line":52},"4":{"loc":{"start":{"line":100,"column":9},"end":{"line":109,"column":3}},"type":"cond-expr","locations":[{"start":{"line":104,"column":4},"end":{"line":106,"column":22}},{"start":{"line":108,"column":4},"end":{"line":108,"column":41}}],"line":100},"5":{"loc":{"start":{"line":100,"column":9},"end":{"line":103,"column":43}},"type":"binary-expr","locations":[{"start":{"line":100,"column":9},"end":{"line":100,"column":21}},{"start":{"line":101,"column":4},"end":{"line":101,"column":16}},{"start":{"line":102,"column":4},"end":{"line":102,"column":16}},{"start":{"line":103,"column":4},"end":{"line":103,"column":43}}],"line":100}},"s":{"0":2,"1":2,"2":1,"3":1,"4":1,"5":1,"6":1,"7":1,"8":1,"9":1,"10":1,"11":1,"12":1,"13":0,"14":1,"15":1},"f":{"0":1,"1":1,"2":1},"b":{"0":[0,1],"1":[1,1,1],"2":[0,1],"3":[1,0,0,0,0,0],"4":[1,0],"5":[1,0,0,0]},"_coverageSchema":"1a1c01bbd47fc00a2c39e90264f33305004495a9","hash":"0b00d7f9428ebdaaaeef8cf80ef4aa6519f7f098"}
,"E:\\eceed\\eseed-task\\src\\Components\\BarChart\\BarChart.styled.js": {"path":"E:\\eceed\\eseed-task\\src\\Components\\BarChart\\BarChart.styled.js","statementMap":{"0":{"start":{"line":2,"column":31},"end":{"line":7,"column":1}}},"fnMap":{},"branchMap":{},"s":{"0":2},"f":{},"b":{},"_coverageSchema":"1a1c01bbd47fc00a2c39e90264f33305004495a9","hash":"b87628802e21eea5bd602a3a6a5272d66a63ab50"}
,"E:\\eceed\\eseed-task\\src\\Components\\Header\\Header.jsx": {"path":"E:\\eceed\\eseed-task\\src\\Components\\Header\\Header.jsx","statementMap":{"0":{"start":{"line":22,"column":15},"end":{"line":31,"column":1}},"1":{"start":{"line":23,"column":2},"end":{"line":30,"column":4}}},"fnMap":{"0":{"name":"(anonymous_0)","decl":{"start":{"line":22,"column":15},"end":{"line":22,"column":16}},"loc":{"start":{"line":22,"column":41},"end":{"line":31,"column":1}},"line":22}},"branchMap":{"0":{"loc":{"start":{"line":27,"column":9},"end":{"line":27,"column":72}},"type":"cond-expr","locations":[{"start":{"line":27,"column":27},"end":{"line":27,"column":48}},{"start":{"line":27,"column":51},"end":{"line":27,"column":72}}],"line":27}},"s":{"0":1,"1":4},"f":{"0":4},"b":{"0":[3,1]},"_coverageSchema":"1a1c01bbd47fc00a2c39e90264f33305004495a9","hash":"863d59c930de8594c0146bd1b657e96db4cd8811"}
,"E:\\eceed\\eseed-task\\src\\Components\\Header\\Header.styled.js": {"path":"E:\\eceed\\eseed-task\\src\\Components\\Header\\Header.styled.js","statementMap":{"0":{"start":{"line":3,"column":24},"end":{"line":17,"column":1}},"1":{"start":{"line":18,"column":21},"end":{"line":35,"column":1}}},"fnMap":{},"branchMap":{},"s":{"0":1,"1":1},"f":{},"b":{},"_coverageSchema":"1a1c01bbd47fc00a2c39e90264f33305004495a9","hash":"fa0ae6f73c0c4227f6318123e524269030bab998"}
,"E:\\eceed\\eseed-task\\src\\Components\\LineChart\\LineChart.jsx": {"path":"E:\\eceed\\eseed-task\\src\\Components\\LineChart\\LineChart.jsx","statementMap":{"0":{"start":{"line":17,"column":0},"end":{"line":17,"column":33}},"1":{"start":{"line":32,"column":18},"end":{"line":85,"column":1}},"2":{"start":{"line":34,"column":50},"end":{"line":34,"column":68}},"3":{"start":{"line":37,"column":26},"end":{"line":37,"column":53}},"4":{"start":{"line":40,"column":2},"end":{"line":42,"column":9}},"5":{"start":{"line":41,"column":4},"end":{"line":41,"column":34}},"6":{"start":{"line":45,"column":2},"end":{"line":63,"column":17}},"7":{"start":{"line":46,"column":4},"end":{"line":62,"column":5}},"8":{"start":{"line":47,"column":6},"end":{"line":47,"column":25}},"9":{"start":{"line":48,"column":11},"end":{"line":62,"column":5}},"10":{"start":{"line":49,"column":6},"end":{"line":61,"column":9}},"11":{"start":{"line":54,"column":62},"end":{"line":54,"column":70}},"12":{"start":{"line":66,"column":18},"end":{"line":75,"column":3}},"13":{"start":{"line":78,"column":2},"end":{"line":84,"column":4}}},"fnMap":{"0":{"name":"(anonymous_0)","decl":{"start":{"line":32,"column":18},"end":{"line":32,"column":19}},"loc":{"start":{"line":32,"column":24},"end":{"line":85,"column":1}},"line":32},"1":{"name":"(anonymous_1)","decl":{"start":{"line":40,"column":12},"end":{"line":40,"column":13}},"loc":{"start":{"line":40,"column":18},"end":{"line":42,"column":3}},"line":40},"2":{"name":"(anonymous_2)","decl":{"start":{"line":45,"column":12},"end":{"line":45,"column":13}},"loc":{"start":{"line":45,"column":18},"end":{"line":63,"column":3}},"line":45},"3":{"name":"(anonymous_3)","decl":{"start":{"line":54,"column":52},"end":{"line":54,"column":53}},"loc":{"start":{"line":54,"column":62},"end":{"line":54,"column":70}},"line":54}},"branchMap":{"0":{"loc":{"start":{"line":46,"column":4},"end":{"line":62,"column":5}},"type":"if","locations":[{"start":{"line":46,"column":4},"end":{"line":62,"column":5}},{"start":{"line":48,"column":11},"end":{"line":62,"column":5}}],"line":46},"1":{"loc":{"start":{"line":48,"column":11},"end":{"line":62,"column":5}},"type":"if","locations":[{"start":{"line":48,"column":11},"end":{"line":62,"column":5}},{"start":{},"end":{}}],"line":48},"2":{"loc":{"start":{"line":48,"column":15},"end":{"line":48,"column":41}},"type":"binary-expr","locations":[{"start":{"line":48,"column":15},"end":{"line":48,"column":23}},{"start":{"line":48,"column":27},"end":{"line":48,"column":41}}],"line":48},"3":{"loc":{"start":{"line":78,"column":9},"end":{"line":84,"column":3}},"type":"cond-expr","locations":[{"start":{"line":79,"column":4},"end":{"line":81,"column":22}},{"start":{"line":83,"column":4},"end":{"line":83,"column":42}}],"line":78},"4":{"loc":{"start":{"line":78,"column":9},"end":{"line":78,"column":40}},"type":"binary-expr","locations":[{"start":{"line":78,"column":9},"end":{"line":78,"column":18}},{"start":{"line":78,"column":22},"end":{"line":78,"column":40}}],"line":78}},"s":{"0":2,"1":2,"2":1,"3":1,"4":1,"5":1,"6":1,"7":1,"8":0,"9":1,"10":0,"11":0,"12":1,"13":1},"f":{"0":1,"1":1,"2":1,"3":0},"b":{"0":[0,1],"1":[0,1],"2":[1,0],"3":[1,0],"4":[1,1]},"_coverageSchema":"1a1c01bbd47fc00a2c39e90264f33305004495a9","hash":"46912b14b10fa7a51098ed58ff54a4ed697b3315"}
,"E:\\eceed\\eseed-task\\src\\Components\\LineChart\\LineChart.styled.js": {"path":"E:\\eceed\\eseed-task\\src\\Components\\LineChart\\LineChart.styled.js","statementMap":{"0":{"start":{"line":2,"column":31},"end":{"line":7,"column":1}}},"fnMap":{},"branchMap":{},"s":{"0":2},"f":{},"b":{},"_coverageSchema":"1a1c01bbd47fc00a2c39e90264f33305004495a9","hash":"45b011a8d1f9244c585a38acbe0a9eff71035f6f"}
,"E:\\eceed\\eseed-task\\src\\Components\\ProgressBar\\ProgressBar.jsx": {"path":"E:\\eceed\\eseed-task\\src\\Components\\ProgressBar\\ProgressBar.jsx","statementMap":{"0":{"start":{"line":4,"column":20},"end":{"line":10,"column":1}},"1":{"start":{"line":5,"column":2},"end":{"line":9,"column":4}}},"fnMap":{"0":{"name":"(anonymous_0)","decl":{"start":{"line":4,"column":20},"end":{"line":4,"column":21}},"loc":{"start":{"line":4,"column":36},"end":{"line":10,"column":1}},"line":4}},"branchMap":{},"s":{"0":4,"1":3},"f":{"0":3},"b":{},"_coverageSchema":"1a1c01bbd47fc00a2c39e90264f33305004495a9","hash":"0f9e14cb6d7935afa5c31e7c6a587ce7bee6fb5e"}
,"E:\\eceed\\eseed-task\\src\\Data\\mockBarChartData.js": {"path":"E:\\eceed\\eseed-task\\src\\Data\\mockBarChartData.js","statementMap":{"0":{"start":{"line":1,"column":32},"end":{"line":27,"column":1}}},"fnMap":{},"branchMap":{},"s":{"0":1},"f":{},"b":{},"_coverageSchema":"1a1c01bbd47fc00a2c39e90264f33305004495a9","hash":"18ca7e6916066ebd714f17fcfd72ed52d7b1e234"}
,"E:\\eceed\\eseed-task\\src\\Data\\mockLineChartData.js": {"path":"E:\\eceed\\eseed-task\\src\\Data\\mockLineChartData.js","statementMap":{"0":{"start":{"line":1,"column":33},"end":{"line":27,"column":1}}},"fnMap":{},"branchMap":{},"s":{"0":1},"f":{},"b":{},"_coverageSchema":"1a1c01bbd47fc00a2c39e90264f33305004495a9","hash":"3a1d1acecedf70168843a16c3701bec2a3cb1062"}
,"E:\\eceed\\eseed-task\\src\\Hooks\\useFetchFunction.js": {"path":"E:\\eceed\\eseed-task\\src\\Hooks\\useFetchFunction.js","statementMap":{"0":{"start":{"line":8,"column":25},"end":{"line":49,"column":1}},"1":{"start":{"line":10,"column":34},"end":{"line":10,"column":46}},"2":{"start":{"line":12,"column":28},"end":{"line":12,"column":40}},"3":{"start":{"line":14,"column":32},"end":{"line":14,"column":47}},"4":{"start":{"line":16,"column":38},"end":{"line":16,"column":48}},"5":{"start":{"line":21,"column":20},"end":{"line":41,"column":3}},"6":{"start":{"line":22,"column":63},"end":{"line":22,"column":72}},"7":{"start":{"line":24,"column":4},"end":{"line":40,"column":5}},"8":{"start":{"line":25,"column":6},"end":{"line":25,"column":23}},"9":{"start":{"line":26,"column":19},"end":{"line":26,"column":40}},"10":{"start":{"line":27,"column":6},"end":{"line":27,"column":26}},"11":{"start":{"line":28,"column":18},"end":{"line":33,"column":8}},"12":{"start":{"line":34,"column":6},"end":{"line":34,"column":28}},"13":{"start":{"line":35,"column":6},"end":{"line":35,"column":21}},"14":{"start":{"line":37,"column":6},"end":{"line":37,"column":82}},"15":{"start":{"line":39,"column":6},"end":{"line":39,"column":24}},"16":{"start":{"line":43,"column":2},"end":{"line":46,"column":19}},"17":{"start":{"line":45,"column":4},"end":{"line":45,"column":50}},"18":{"start":{"line":45,"column":17},"end":{"line":45,"column":49}},"19":{"start":{"line":48,"column":2},"end":{"line":48,"column":47}}},"fnMap":{"0":{"name":"(anonymous_0)","decl":{"start":{"line":8,"column":25},"end":{"line":8,"column":26}},"loc":{"start":{"line":8,"column":31},"end":{"line":49,"column":1}},"line":8},"1":{"name":"(anonymous_1)","decl":{"start":{"line":21,"column":20},"end":{"line":21,"column":21}},"loc":{"start":{"line":21,"column":41},"end":{"line":41,"column":3}},"line":21},"2":{"name":"(anonymous_2)","decl":{"start":{"line":43,"column":12},"end":{"line":43,"column":13}},"loc":{"start":{"line":43,"column":18},"end":{"line":46,"column":3}},"line":43},"3":{"name":"(anonymous_3)","decl":{"start":{"line":45,"column":11},"end":{"line":45,"column":12}},"loc":{"start":{"line":45,"column":17},"end":{"line":45,"column":49}},"line":45}},"branchMap":{"0":{"loc":{"start":{"line":22,"column":40},"end":{"line":22,"column":58}},"type":"default-arg","locations":[{"start":{"line":22,"column":56},"end":{"line":22,"column":58}}],"line":22},"1":{"loc":{"start":{"line":37,"column":15},"end":{"line":37,"column":80}},"type":"cond-expr","locations":[{"start":{"line":37,"column":42},"end":{"line":37,"column":66}},{"start":{"line":37,"column":69},"end":{"line":37,"column":80}}],"line":37},"2":{"loc":{"start":{"line":45,"column":17},"end":{"line":45,"column":49}},"type":"binary-expr","locations":[{"start":{"line":45,"column":17},"end":{"line":45,"column":27}},{"start":{"line":45,"column":31},"end":{"line":45,"column":49}}],"line":45}},"s":{"0":1,"1":0,"2":0,"3":0,"4":0,"5":0,"6":0,"7":0,"8":0,"9":0,"10":0,"11":0,"12":0,"13":0,"14":0,"15":0,"16":0,"17":0,"18":0,"19":0},"f":{"0":0,"1":0,"2":0,"3":0},"b":{"0":[0],"1":[0,0],"2":[0,0]},"_coverageSchema":"1a1c01bbd47fc00a2c39e90264f33305004495a9","hash":"0b6d103c40f9c55e910d78367b5ef6d3bc5995b3"}
,"E:\\eceed\\eseed-task\\src\\Hooks\\useLocalStorage.js": {"path":"E:\\eceed\\eseed-task\\src\\Hooks\\useLocalStorage.js","statementMap":{"0":{"start":{"line":10,"column":24},"end":{"line":31,"column":1}},"1":{"start":{"line":11,"column":40},"end":{"line":23,"column":4}},"2":{"start":{"line":12,"column":4},"end":{"line":22,"column":5}},"3":{"start":{"line":13,"column":20},"end":{"line":13,"column":56}},"4":{"start":{"line":14,"column":6},"end":{"line":19,"column":7}},"5":{"start":{"line":15,"column":8},"end":{"line":15,"column":21}},"6":{"start":{"line":17,"column":8},"end":{"line":17,"column":59}},"7":{"start":{"line":18,"column":8},"end":{"line":18,"column":28}},"8":{"start":{"line":21,"column":6},"end":{"line":21,"column":26}},"9":{"start":{"line":24,"column":19},"end":{"line":29,"column":3}},"10":{"start":{"line":25,"column":4},"end":{"line":27,"column":20}},"11":{"start":{"line":26,"column":6},"end":{"line":26,"column":53}},"12":{"start":{"line":28,"column":4},"end":{"line":28,"column":29}},"13":{"start":{"line":30,"column":2},"end":{"line":30,"column":33}}},"fnMap":{"0":{"name":"(anonymous_0)","decl":{"start":{"line":10,"column":24},"end":{"line":10,"column":25}},"loc":{"start":{"line":10,"column":51},"end":{"line":31,"column":1}},"line":10},"1":{"name":"(anonymous_1)","decl":{"start":{"line":11,"column":49},"end":{"line":11,"column":50}},"loc":{"start":{"line":11,"column":55},"end":{"line":23,"column":3}},"line":11},"2":{"name":"(anonymous_2)","decl":{"start":{"line":24,"column":19},"end":{"line":24,"column":20}},"loc":{"start":{"line":24,"column":33},"end":{"line":29,"column":3}},"line":24}},"branchMap":{"0":{"loc":{"start":{"line":14,"column":6},"end":{"line":19,"column":7}},"type":"if","locations":[{"start":{"line":14,"column":6},"end":{"line":19,"column":7}},{"start":{"line":16,"column":13},"end":{"line":19,"column":7}}],"line":14}},"s":{"0":1,"1":2,"2":2,"3":2,"4":2,"5":0,"6":2,"7":2,"8":0,"9":2,"10":0,"11":0,"12":0,"13":2},"f":{"0":2,"1":2,"2":0},"b":{"0":[0,2]},"_coverageSchema":"1a1c01bbd47fc00a2c39e90264f33305004495a9","hash":"4ed8e98385414044f9563345c513061733b3ce3d"}
,"E:\\eceed\\eseed-task\\src\\Pages\\DashboardPage\\DashboardPage.jsx": {"path":"E:\\eceed\\eseed-task\\src\\Pages\\DashboardPage\\DashboardPage.jsx","statementMap":{"0":{"start":{"line":31,"column":22},"end":{"line":92,"column":1}},"1":{"start":{"line":32,"column":50},"end":{"line":35,"column":3}},"2":{"start":{"line":36,"column":48},"end":{"line":39,"column":3}},"3":{"start":{"line":41,"column":26},"end":{"line":47,"column":3}},"4":{"start":{"line":42,"column":4},"end":{"line":46,"column":5}},"5":{"start":{"line":43,"column":6},"end":{"line":43,"column":33}},"6":{"start":{"line":45,"column":6},"end":{"line":45,"column":32}},"7":{"start":{"line":49,"column":25},"end":{"line":55,"column":3}},"8":{"start":{"line":50,"column":4},"end":{"line":54,"column":5}},"9":{"start":{"line":51,"column":6},"end":{"line":51,"column":32}},"10":{"start":{"line":53,"column":6},"end":{"line":53,"column":31}},"11":{"start":{"line":57,"column":2},"end":{"line":91,"column":4}}},"fnMap":{"0":{"name":"(anonymous_0)","decl":{"start":{"line":31,"column":22},"end":{"line":31,"column":23}},"loc":{"start":{"line":31,"column":36},"end":{"line":92,"column":1}},"line":31},"1":{"name":"(anonymous_1)","decl":{"start":{"line":41,"column":26},"end":{"line":41,"column":27}},"loc":{"start":{"line":41,"column":32},"end":{"line":47,"column":3}},"line":41},"2":{"name":"(anonymous_2)","decl":{"start":{"line":49,"column":25},"end":{"line":49,"column":26}},"loc":{"start":{"line":49,"column":31},"end":{"line":55,"column":3}},"line":49}},"branchMap":{"0":{"loc":{"start":{"line":42,"column":4},"end":{"line":46,"column":5}},"type":"if","locations":[{"start":{"line":42,"column":4},"end":{"line":46,"column":5}},{"start":{"line":44,"column":11},"end":{"line":46,"column":5}}],"line":42},"1":{"loc":{"start":{"line":50,"column":4},"end":{"line":54,"column":5}},"type":"if","locations":[{"start":{"line":50,"column":4},"end":{"line":54,"column":5}},{"start":{"line":52,"column":11},"end":{"line":54,"column":5}}],"line":50},"2":{"loc":{"start":{"line":59,"column":7},"end":{"line":75,"column":7}},"type":"binary-expr","locations":[{"start":{"line":59,"column":7},"end":{"line":59,"column":22}},{"start":{"line":60,"column":8},"end":{"line":74,"column":26}}],"line":59},"3":{"loc":{"start":{"line":61,"column":11},"end":{"line":63,"column":11}},"type":"binary-expr","locations":[{"start":{"line":61,"column":11},"end":{"line":61,"column":28}},{"start":{"line":62,"column":12},"end":{"line":62,"column":70}}],"line":61},"4":{"loc":{"start":{"line":64,"column":11},"end":{"line":66,"column":11}},"type":"binary-expr","locations":[{"start":{"line":64,"column":11},"end":{"line":64,"column":27}},{"start":{"line":65,"column":12},"end":{"line":65,"column":68}}],"line":64},"5":{"loc":{"start":{"line":68,"column":11},"end":{"line":70,"column":11}},"type":"binary-expr","locations":[{"start":{"line":68,"column":11},"end":{"line":68,"column":27}},{"start":{"line":69,"column":12},"end":{"line":69,"column":70}}],"line":68},"6":{"loc":{"start":{"line":71,"column":11},"end":{"line":73,"column":11}},"type":"binary-expr","locations":[{"start":{"line":71,"column":11},"end":{"line":71,"column":26}},{"start":{"line":72,"column":12},"end":{"line":72,"column":68}}],"line":71},"7":{"loc":{"start":{"line":76,"column":7},"end":{"line":89,"column":7}},"type":"binary-expr","locations":[{"start":{"line":76,"column":7},"end":{"line":76,"column":22}},{"start":{"line":77,"column":8},"end":{"line":88,"column":14}}],"line":76},"8":{"loc":{"start":{"line":78,"column":11},"end":{"line":82,"column":11}},"type":"binary-expr","locations":[{"start":{"line":78,"column":11},"end":{"line":78,"column":27}},{"start":{"line":79,"column":12},"end":{"line":81,"column":29}}],"line":78},"9":{"loc":{"start":{"line":83,"column":11},"end":{"line":87,"column":11}},"type":"binary-expr","locations":[{"start":{"line":83,"column":11},"end":{"line":83,"column":26}},{"start":{"line":84,"column":12},"end":{"line":86,"column":29}}],"line":83}},"s":{"0":1,"1":1,"2":1,"3":1,"4":0,"5":0,"6":0,"7":1,"8":0,"9":0,"10":0,"11":1},"f":{"0":1,"1":0,"2":0},"b":{"0":[0,0],"1":[0,0],"2":[1,1],"3":[1,0],"4":[1,0],"5":[1,1],"6":[1,1],"7":[1,0],"8":[0,0],"9":[0,0]},"_coverageSchema":"1a1c01bbd47fc00a2c39e90264f33305004495a9","hash":"93b97b707afe81e196d8a9fd0af8155fe457b235"}
,"E:\\eceed\\eseed-task\\src\\Pages\\DashboardPage\\DashboardPage.styled.js": {"path":"E:\\eceed\\eseed-task\\src\\Pages\\DashboardPage\\DashboardPage.styled.js","statementMap":{"0":{"start":{"line":3,"column":30},"end":{"line":5,"column":1}},"1":{"start":{"line":7,"column":25},"end":{"line":12,"column":1}},"2":{"start":{"line":8,"column":25},"end":{"line":8,"column":65}},"3":{"start":{"line":9,"column":33},"end":{"line":9,"column":77}},"4":{"start":{"line":10,"column":29},"end":{"line":10,"column":73}},"5":{"start":{"line":11,"column":24},"end":{"line":11,"column":64}},"6":{"start":{"line":14,"column":31},"end":{"line":20,"column":1}},"7":{"start":{"line":21,"column":22},"end":{"line":38,"column":1}}},"fnMap":{"0":{"name":"(anonymous_0)","decl":{"start":{"line":8,"column":13},"end":{"line":8,"column":14}},"loc":{"start":{"line":8,"column":25},"end":{"line":8,"column":65}},"line":8},"1":{"name":"(anonymous_1)","decl":{"start":{"line":9,"column":21},"end":{"line":9,"column":22}},"loc":{"start":{"line":9,"column":33},"end":{"line":9,"column":77}},"line":9},"2":{"name":"(anonymous_2)","decl":{"start":{"line":10,"column":17},"end":{"line":10,"column":18}},"loc":{"start":{"line":10,"column":29},"end":{"line":10,"column":73}},"line":10},"3":{"name":"(anonymous_3)","decl":{"start":{"line":11,"column":12},"end":{"line":11,"column":13}},"loc":{"start":{"line":11,"column":24},"end":{"line":11,"column":64}},"line":11}},"branchMap":{"0":{"loc":{"start":{"line":8,"column":25},"end":{"line":8,"column":65}},"type":"cond-expr","locations":[{"start":{"line":8,"column":49},"end":{"line":8,"column":55}},{"start":{"line":8,"column":58},"end":{"line":8,"column":65}}],"line":8},"1":{"loc":{"start":{"line":9,"column":33},"end":{"line":9,"column":77}},"type":"cond-expr","locations":[{"start":{"line":9,"column":57},"end":{"line":9,"column":65}},{"start":{"line":9,"column":68},"end":{"line":9,"column":77}}],"line":9},"2":{"loc":{"start":{"line":10,"column":29},"end":{"line":10,"column":73}},"type":"cond-expr","locations":[{"start":{"line":10,"column":53},"end":{"line":10,"column":61}},{"start":{"line":10,"column":64},"end":{"line":10,"column":73}}],"line":10},"3":{"loc":{"start":{"line":11,"column":24},"end":{"line":11,"column":64}},"type":"cond-expr","locations":[{"start":{"line":11,"column":48},"end":{"line":11,"column":55}},{"start":{"line":11,"column":58},"end":{"line":11,"column":64}}],"line":11}},"s":{"0":1,"1":1,"2":1,"3":1,"4":1,"5":1,"6":1,"7":1},"f":{"0":1,"1":1,"2":1,"3":1},"b":{"0":[1,0],"1":[1,0],"2":[1,0],"3":[1,0]},"_coverageSchema":"1a1c01bbd47fc00a2c39e90264f33305004495a9","hash":"06739b110d07d801cfe9a0ea75459c67f7a36a75"}
,"E:\\eceed\\eseed-task\\src\\Pages\\HomePage\\HomePage.jsx": {"path":"E:\\eceed\\eseed-task\\src\\Pages\\HomePage\\HomePage.jsx","statementMap":{"0":{"start":{"line":22,"column":17},"end":{"line":45,"column":1}},"1":{"start":{"line":23,"column":2},"end":{"line":44,"column":4}}},"fnMap":{"0":{"name":"(anonymous_0)","decl":{"start":{"line":22,"column":17},"end":{"line":22,"column":18}},"loc":{"start":{"line":22,"column":23},"end":{"line":45,"column":1}},"line":22}},"branchMap":{},"s":{"0":1,"1":1},"f":{"0":1},"b":{},"_coverageSchema":"1a1c01bbd47fc00a2c39e90264f33305004495a9","hash":"5ddc8c033b0500c7d874fbf68a9226e7996a004a"}
,"E:\\eceed\\eseed-task\\src\\Pages\\HomePage\\HomePage.styled.js": {"path":"E:\\eceed\\eseed-task\\src\\Pages\\HomePage\\HomePage.styled.js","statementMap":{"0":{"start":{"line":4,"column":26},"end":{"line":11,"column":1}}},"fnMap":{},"branchMap":{},"s":{"0":1},"f":{},"b":{},"_coverageSchema":"1a1c01bbd47fc00a2c39e90264f33305004495a9","hash":"c15f25dfcf8e9044ca31549f266700e683761efe"}
,"E:\\eceed\\eseed-task\\src\\Services\\getExchangeRates.js": {"path":"E:\\eceed\\eseed-task\\src\\Services\\getExchangeRates.js","statementMap":{"0":{"start":{"line":21,"column":27},"end":{"line":40,"column":1}},"1":{"start":{"line":22,"column":16},"end":{"line":22,"column":26}},"2":{"start":{"line":23,"column":18},"end":{"line":23,"column":28}},"3":{"start":{"line":24,"column":2},"end":{"line":24,"column":44}},"4":{"start":{"line":27,"column":2},"end":{"line":27,"column":36}},"5":{"start":{"line":28,"column":2},"end":{"line":28,"column":32}},"6":{"start":{"line":30,"column":2},"end":{"line":39,"column":5}}},"fnMap":{"0":{"name":"(anonymous_0)","decl":{"start":{"line":21,"column":27},"end":{"line":21,"column":28}},"loc":{"start":{"line":21,"column":59},"end":{"line":40,"column":1}},"line":21}},"branchMap":{"0":{"loc":{"start":{"line":21,"column":39},"end":{"line":21,"column":54}},"type":"default-arg","locations":[{"start":{"line":21,"column":52},"end":{"line":21,"column":54}}],"line":21}},"s":{"0":2,"1":1,"2":1,"3":1,"4":1,"5":1,"6":1},"f":{"0":1},"b":{"0":[1]},"_coverageSchema":"1a1c01bbd47fc00a2c39e90264f33305004495a9","hash":"28cbbfdfaa5f348fbd71e02bd95630faadf29744"}
,"E:\\eceed\\eseed-task\\src\\Services\\getLatestExchange.js": {"path":"E:\\eceed\\eseed-task\\src\\Services\\getLatestExchange.js","statementMap":{"0":{"start":{"line":20,"column":30},"end":{"line":31,"column":1}},"1":{"start":{"line":21,"column":2},"end":{"line":30,"column":5}}},"fnMap":{"0":{"name":"(anonymous_0)","decl":{"start":{"line":20,"column":30},"end":{"line":20,"column":31}},"loc":{"start":{"line":20,"column":68},"end":{"line":31,"column":1}},"line":20}},"branchMap":{"0":{"loc":{"start":{"line":20,"column":51},"end":{"line":20,"column":63}},"type":"default-arg","locations":[{"start":{"line":20,"column":58},"end":{"line":20,"column":63}}],"line":20}},"s":{"0":2,"1":3},"f":{"0":3},"b":{"0":[3]},"_coverageSchema":"1a1c01bbd47fc00a2c39e90264f33305004495a9","hash":"6482e03fff0e98b63ed13b37257fee40fc596c93"}
,"E:\\eceed\\eseed-task\\src\\Utils\\conversionDate.js": {"path":"E:\\eceed\\eseed-task\\src\\Utils\\conversionDate.js","statementMap":{"0":{"start":{"line":14,"column":4},"end":{"line":14,"column":43}}},"fnMap":{"0":{"name":"formatDate","decl":{"start":{"line":13,"column":9},"end":{"line":13,"column":19}},"loc":{"start":{"line":13,"column":26},"end":{"line":15,"column":3}},"line":13}},"branchMap":{},"s":{"0":2},"f":{"0":2},"b":{},"_coverageSchema":"1a1c01bbd47fc00a2c39e90264f33305004495a9","hash":"100047b64fd9fab6770536ab9152126baeea5a60"}
,"E:\\eceed\\eseed-task\\src\\env\\importMetaEnv.js": {"path":"E:\\eceed\\eseed-task\\src\\env\\importMetaEnv.js","statementMap":{"0":{"start":{"line":1,"column":28},"end":{"line":6,"column":1}}},"fnMap":{},"branchMap":{},"s":{"0":3},"f":{},"b":{},"_coverageSchema":"1a1c01bbd47fc00a2c39e90264f33305004495a9","hash":"3cad153bc7fcd02b340e98e0468766bceed913a9"}
}
